2017-05-02 16:54:36 [restartedMain] INFO  c.h.blog.SpringBootBlogApplication : 
 Starting SpringBootBlogApplication on PC-20151027EYYM with PID 1884 (D:\localgit\spring-boot-blog\target\classes started by Administrator in D:\localgit\spring-boot-blog) 
2017-05-02 16:54:36 [restartedMain] DEBUG c.h.blog.SpringBootBlogApplication : 
 Running with Spring Boot v1.5.3.RELEASE, Spring v4.3.8.RELEASE 
2017-05-02 16:54:36 [restartedMain] INFO  c.h.blog.SpringBootBlogApplication : 
 No active profile set, falling back to default profiles: default 
2017-05-02 16:54:40 [restartedMain] INFO  c.h.blog.SpringBootBlogApplication : 
 Started SpringBootBlogApplication in 5.123 seconds (JVM running for 5.914) 
2017-05-02 16:59:33 [restartedMain] INFO  c.h.blog.SpringBootBlogApplication : 
 Starting SpringBootBlogApplication on PC-20151027EYYM with PID 2224 (D:\localgit\spring-boot-blog\target\classes started by Administrator in D:\localgit\spring-boot-blog) 
2017-05-02 16:59:33 [restartedMain] DEBUG c.h.blog.SpringBootBlogApplication : 
 Running with Spring Boot v1.5.3.RELEASE, Spring v4.3.8.RELEASE 
2017-05-02 16:59:33 [restartedMain] INFO  c.h.blog.SpringBootBlogApplication : 
 No active profile set, falling back to default profiles: default 
2017-05-02 16:59:38 [restartedMain] INFO  c.h.blog.SpringBootBlogApplication : 
 Started SpringBootBlogApplication in 5.647 seconds (JVM running for 6.255) 
2017-05-02 17:20:57 [restartedMain] INFO  c.h.blog.SpringBootBlogApplication : 
 Starting SpringBootBlogApplication on PC-20151027EYYM with PID 11068 (D:\localgit\spring-boot-blog\target\classes started by Administrator in D:\localgit\spring-boot-blog) 
2017-05-02 17:20:57 [restartedMain] DEBUG c.h.blog.SpringBootBlogApplication : 
 Running with Spring Boot v1.5.3.RELEASE, Spring v4.3.8.RELEASE 
2017-05-02 17:20:57 [restartedMain] INFO  c.h.blog.SpringBootBlogApplication : 
 No active profile set, falling back to default profiles: default 
2017-05-02 17:21:02 [restartedMain] INFO  c.h.blog.SpringBootBlogApplication : 
 Started SpringBootBlogApplication in 5.557 seconds (JVM running for 6.191) 
2017-05-02 17:21:08 [http-nio-8080-exec-1] ERROR c.h.b.config.GloablExceptionHandler : 
 java.lang.ArithmeticException: / by zero
	at com.hdu.blog.api.UserApi.testErroe(UserApi.java:33)
	at sun.reflect.NativeMethodAccessorImpl.invoke0(Native Method)
	at sun.reflect.NativeMethodAccessorImpl.invoke(NativeMethodAccessorImpl.java:62)
	at sun.reflect.DelegatingMethodAccessorImpl.invoke(DelegatingMethodAccessorImpl.java:43)
	at java.lang.reflect.Method.invoke(Method.java:497)
	at org.springframework.web.method.support.InvocableHandlerMethod.doInvoke(InvocableHandlerMethod.java:205)
	at org.springframework.web.method.support.InvocableHandlerMethod.invokeForRequest(InvocableHandlerMethod.java:133)
	at org.springframework.web.servlet.mvc.method.annotation.ServletInvocableHandlerMethod.invokeAndHandle(ServletInvocableHandlerMethod.java:97)
	at org.springframework.web.servlet.mvc.method.annotation.RequestMappingHandlerAdapter.invokeHandlerMethod(RequestMappingHandlerAdapter.java:827)
	at org.springframework.web.servlet.mvc.method.annotation.RequestMappingHandlerAdapter.handleInternal(RequestMappingHandlerAdapter.java:738)
	at org.springframework.web.servlet.mvc.method.AbstractHandlerMethodAdapter.handle(AbstractHandlerMethodAdapter.java:85)
	at org.springframework.web.servlet.DispatcherServlet.doDispatch(DispatcherServlet.java:963)
	at org.springframework.web.servlet.DispatcherServlet.doService(DispatcherServlet.java:897)
	at org.springframework.web.servlet.FrameworkServlet.processRequest(FrameworkServlet.java:970)
	at org.springframework.web.servlet.FrameworkServlet.doGet(FrameworkServlet.java:861)
	at javax.servlet.http.HttpServlet.service(HttpServlet.java:635)
	at org.springframework.web.servlet.FrameworkServlet.service(FrameworkServlet.java:846)
	at javax.servlet.http.HttpServlet.service(HttpServlet.java:742)
	at org.apache.catalina.core.ApplicationFilterChain.internalDoFilter(ApplicationFilterChain.java:231)
	at org.apache.catalina.core.ApplicationFilterChain.doFilter(ApplicationFilterChain.java:166)
	at org.apache.tomcat.websocket.server.WsFilter.doFilter(WsFilter.java:52)
	at org.apache.catalina.core.ApplicationFilterChain.internalDoFilter(ApplicationFilterChain.java:193)
	at org.apache.catalina.core.ApplicationFilterChain.doFilter(ApplicationFilterChain.java:166)
	at org.springframework.web.filter.RequestContextFilter.doFilterInternal(RequestContextFilter.java:99)
	at org.springframework.web.filter.OncePerRequestFilter.doFilter(OncePerRequestFilter.java:107)
	at org.apache.catalina.core.ApplicationFilterChain.internalDoFilter(ApplicationFilterChain.java:193)
	at org.apache.catalina.core.ApplicationFilterChain.doFilter(ApplicationFilterChain.java:166)
	at org.springframework.web.filter.HttpPutFormContentFilter.doFilterInternal(HttpPutFormContentFilter.java:105)
	at org.springframework.web.filter.OncePerRequestFilter.doFilter(OncePerRequestFilter.java:107)
	at org.apache.catalina.core.ApplicationFilterChain.internalDoFilter(ApplicationFilterChain.java:193)
	at org.apache.catalina.core.ApplicationFilterChain.doFilter(ApplicationFilterChain.java:166)
	at org.springframework.web.filter.HiddenHttpMethodFilter.doFilterInternal(HiddenHttpMethodFilter.java:81)
	at org.springframework.web.filter.OncePerRequestFilter.doFilter(OncePerRequestFilter.java:107)
	at org.apache.catalina.core.ApplicationFilterChain.internalDoFilter(ApplicationFilterChain.java:193)
	at org.apache.catalina.core.ApplicationFilterChain.doFilter(ApplicationFilterChain.java:166)
	at org.springframework.web.filter.CharacterEncodingFilter.doFilterInternal(CharacterEncodingFilter.java:197)
	at org.springframework.web.filter.OncePerRequestFilter.doFilter(OncePerRequestFilter.java:107)
	at org.apache.catalina.core.ApplicationFilterChain.internalDoFilter(ApplicationFilterChain.java:193)
	at org.apache.catalina.core.ApplicationFilterChain.doFilter(ApplicationFilterChain.java:166)
	at org.apache.catalina.core.StandardWrapperValve.invoke(StandardWrapperValve.java:198)
	at org.apache.catalina.core.StandardContextValve.invoke(StandardContextValve.java:96)
	at org.apache.catalina.authenticator.AuthenticatorBase.invoke(AuthenticatorBase.java:478)
	at org.apache.catalina.core.StandardHostValve.invoke(StandardHostValve.java:140)
	at org.apache.catalina.valves.ErrorReportValve.invoke(ErrorReportValve.java:80)
	at org.apache.catalina.core.StandardEngineValve.invoke(StandardEngineValve.java:87)
	at org.apache.catalina.connector.CoyoteAdapter.service(CoyoteAdapter.java:342)
	at org.apache.coyote.http11.Http11Processor.service(Http11Processor.java:799)
	at org.apache.coyote.AbstractProcessorLight.process(AbstractProcessorLight.java:66)
	at org.apache.coyote.AbstractProtocol$ConnectionHandler.process(AbstractProtocol.java:861)
	at org.apache.tomcat.util.net.NioEndpoint$SocketProcessor.doRun(NioEndpoint.java:1455)
	at org.apache.tomcat.util.net.SocketProcessorBase.run(SocketProcessorBase.java:49)
	at java.util.concurrent.ThreadPoolExecutor.runWorker(ThreadPoolExecutor.java:1142)
	at java.util.concurrent.ThreadPoolExecutor$Worker.run(ThreadPoolExecutor.java:617)
	at org.apache.tomcat.util.threads.TaskThread$WrappingRunnable.run(TaskThread.java:61)
	at java.lang.Thread.run(Thread.java:745)
 
